02/13/12 04:17:35 AM - Building message catalogs...
02/13/12 04:17:35 AM - Building Windows install...  
02/13/12 04:17:35 AM - Building main.tcl...
02/13/12 04:17:35 AM - Refreshing file groups...
02/13/12 04:17:35 AM - Getting file list...
02/13/12 04:17:35 AM - Building file manifest...
02/13/12 04:17:36 AM - Saving install information...
02/13/12 04:17:36 AM - Building install...
02/13/12 04:17:36 AM - Building install executable...
02/13/12 04:17:38 AM - Windows build completed in 00m03s.
02/13/12 04:17:38 AM - Installer size is 5.05 MB.
02/13/12 04:17:38 AM - Build completed in 00m03s.
02/13/12 04:30:50 AM - Building message catalogs...
02/13/12 04:30:50 AM - Building Windows install...  
02/13/12 04:30:50 AM - Building main.tcl...
02/13/12 04:30:50 AM - Refreshing file groups...
02/13/12 04:30:50 AM - Getting file list...
02/13/12 04:30:51 AM - Building file manifest...
02/13/12 04:30:51 AM - Saving install information...
02/13/12 04:30:51 AM - Building install...
02/13/12 04:30:51 AM - Building install executable...
02/13/12 04:30:54 AM - Windows build completed in 00m04s.
02/13/12 04:30:54 AM - Installer size is 19.04 MB.
02/13/12 04:30:54 AM - Build completed in 00m04s.
08/13/12 12:25:26 AM - Configuring build for final release...
08/13/12 12:25:26 AM - Building message catalogs...
08/13/12 12:25:26 AM - Building Windows install...  
08/13/12 12:25:26 AM - Building main.tcl...
08/13/12 12:25:26 AM - Refreshing file groups...
08/13/12 12:25:26 AM - Getting file list...
08/13/12 12:25:26 AM - File 'D:/Projects/GadgetFactory/Java/Papilio Arcade/papilio-arcade' does not exist!
08/13/12 12:25:26 AM - File 'D:/Projects/GadgetFactory/Java/Papilio Arcade/Deploy/FTDI drivers' does not exist!
08/13/12 12:25:26 AM - File 'D:/Projects/GadgetFactory/Java/Papilio Arcade/Deploy/jre-6u30-windows-i586.exe' does not exist!
08/13/12 12:25:26 AM - Windows build completed with errors
08/13/12 12:25:26 AM - Build completed in 00m00s.
08/13/12 12:31:46 AM - Configuring build for final release...
08/13/12 12:31:46 AM - Building message catalogs...
08/13/12 12:31:46 AM - Building Windows install...  
08/13/12 12:31:46 AM - Building main.tcl...
08/13/12 12:31:46 AM - Refreshing file groups...
08/13/12 12:31:47 AM - Getting file list...
08/13/12 12:31:49 AM - File 'C:/Users/killian/Dropbox/GadgetFactory/GadgetFactory_Engineering/Arcade-Blaster/Arcade-Blaster/logo.ico' does not exist!
08/13/12 12:31:49 AM - File 'C:/Users/killian/Dropbox/GadgetFactory/GadgetFactory_Engineering/Arcade-Blaster/Arcade-Blaster/roms/pongdemo' does not exist!
08/13/12 12:31:49 AM - Windows build completed with errors
08/13/12 12:31:49 AM - Build completed in 00m03s.
08/13/12 12:33:27 AM - Configuring build for final release...
08/13/12 12:33:27 AM - Building message catalogs...
08/13/12 12:33:27 AM - Building Windows install...  
08/13/12 12:33:27 AM - Building main.tcl...
08/13/12 12:33:27 AM - Refreshing file groups...
08/13/12 12:33:28 AM - Getting file list...
08/13/12 12:33:29 AM - Building file manifest...
08/13/12 12:33:29 AM - Saving install information...
08/13/12 12:33:30 AM - Building install...
08/13/12 12:33:31 AM - Building install executable...
08/13/12 12:33:36 AM - Windows build completed in 00m09s.
08/13/12 12:33:36 AM - Installer size is 19.80 MB.
08/13/12 12:33:36 AM - Build completed in 00m09s.
08/13/12 12:36:33 AM - Configuring build for final release...
08/13/12 12:36:34 AM - Building message catalogs...
08/13/12 12:36:34 AM - Building Windows install...  
08/13/12 12:36:34 AM - Building main.tcl...
08/13/12 12:36:34 AM - Refreshing file groups...
08/13/12 12:36:34 AM - Getting file list...
08/13/12 12:36:37 AM - Building file manifest...
08/13/12 12:36:37 AM - Saving install information...
08/13/12 12:36:38 AM - Building install...
08/13/12 12:36:38 AM - Building install executable...
08/13/12 12:36:44 AM - Windows build completed in 00m10s.
08/13/12 12:36:44 AM - Installer size is 6.16 MB.
08/13/12 12:36:44 AM - Build completed in 00m10s.
08/13/12 12:43:37 AM - Configuring build for final release...
08/13/12 12:43:37 AM - Building message catalogs...
08/13/12 12:43:37 AM - Building Windows install...  
08/13/12 12:43:37 AM - Building main.tcl...
08/13/12 12:43:37 AM - Refreshing file groups...
08/13/12 12:43:38 AM - Getting file list...
08/13/12 12:43:39 AM - Building file manifest...
08/13/12 12:43:39 AM - Saving install information...
08/13/12 12:43:40 AM - Building install...
08/13/12 12:43:40 AM - Building install executable...
08/13/12 12:43:45 AM - Windows build completed in 00m08s.
08/13/12 12:43:45 AM - Installer size is 19.83 MB.
08/13/12 12:43:45 AM - Build completed in 00m08s.
